2016/05/10 04:07:40 [error] [php] include(/srv/disk8/1268420/www/renatolucena.tk/modelo_yii/protected/vendors/framework/web/actions/CInlineAction.php): failed to open stream: No such file or directory (/srv/disk8/1268420/www/renatolucena.tk/modelo_yii/protected/vendors/framework/YiiBase.php:406)
Stack trace:
#0 /srv/disk8/1268420/www/renatolucena.tk/modelo_yii/protected/vendors/framework/web/CController.php(414): spl_autoload_call()
#1 /srv/disk8/1268420/www/renatolucena.tk/modelo_yii/protected/vendors/framework/web/CController.php(259): SiteController->createAction()
#2 /srv/disk8/1268420/www/renatolucena.tk/modelo_yii/protected/vendors/framework/web/CWebApplication.php(282): SiteController->run()
#3 /srv/disk8/1268420/www/renatolucena.tk/modelo_yii/protected/vendors/framework/web/CWebApplication.php(141): CWebApplication->runController()
#4 /srv/disk8/1268420/www/renatolucena.tk/modelo_yii/protected/vendors/framework/base/CApplication.php(184): CWebApplication->processRequest()
#5 /srv/disk8/1268420/www/renatolucena.tk/modelo_yii/index.php(13): CWebApplication->run()
REQUEST_URI=/modelo_yii/index.php
in /srv/disk8/1268420/www/renatolucena.tk/modelo_yii/index.php (13)
2017/04/29 17:53:43 [error] [exception.CHttpException.404] exception 'CHttpException' with message 'The system is unable to find the requested action "page'A=0".' in /srv/disk8/1268420/www/renatolucena.tk/modelo_yii/protected/vendors/framework/web/CController.php:483
Stack trace:
#0 /srv/disk8/1268420/www/renatolucena.tk/modelo_yii/protected/vendors/framework/web/CController.php(270): CController->missingAction('page'A=0')
#1 /srv/disk8/1268420/www/renatolucena.tk/modelo_yii/protected/vendors/framework/web/CWebApplication.php(282): CController->run('page'A=0')
#2 /srv/disk8/1268420/www/renatolucena.tk/modelo_yii/protected/vendors/framework/web/CWebApplication.php(141): CWebApplication->runController('site/page'A=0')
#3 /srv/disk8/1268420/www/renatolucena.tk/modelo_yii/protected/vendors/framework/base/CApplication.php(184): CWebApplication->processRequest()
#4 /srv/disk8/1268420/www/renatolucena.tk/modelo_yii/index.php(13): CApplication->run()
#5 {main}
REQUEST_URI=/modelo_yii/index.php?r=site/page'A=0&view=about
HTTP_REFERER=http://renatolucena.tk/modelo_yii/index.php?r=site/page'A=0&view=about
---
2017/04/29 17:53:45 [error] [exception.CHttpException.404] exception 'CHttpException' with message 'The requested view "about'A=0" was not found.' in /srv/disk8/1268420/www/renatolucena.tk/modelo_yii/protected/vendors/framework/web/actions/CViewAction.php:112
Stack trace:
#0 /srv/disk8/1268420/www/renatolucena.tk/modelo_yii/protected/vendors/framework/web/actions/CViewAction.php(123): CViewAction->resolveView('about'A=0')
#1 /srv/disk8/1268420/www/renatolucena.tk/modelo_yii/protected/vendors/framework/web/actions/CAction.php(76): CViewAction->run()
#2 /srv/disk8/1268420/www/renatolucena.tk/modelo_yii/protected/vendors/framework/web/CController.php(308): CAction->runWithParams(Array)
#3 /srv/disk8/1268420/www/renatolucena.tk/modelo_yii/protected/vendors/framework/web/CController.php(286): CController->runAction(Object(CViewAction))
#4 /srv/disk8/1268420/www/renatolucena.tk/modelo_yii/protected/vendors/framework/web/CController.php(265): CController->runActionWithFilters(Object(CViewAction), Array)
#5 /srv/disk8/1268420/www/renatolucena.tk/modelo_yii/protected/vendors/framework/web/CWebApplication.php(282): CController->run('page')
#6 /srv/disk8/1268420/www/renatolucena.tk/modelo_yii/protected/vendors/framework/web/CWebApplication.php(141): CWebApplication->runController('site/page')
#7 /srv/disk8/1268420/www/renatolucena.tk/modelo_yii/protected/vendors/framework/base/CApplication.php(184): CWebApplication->processRequest()
#8 /srv/disk8/1268420/www/renatolucena.tk/modelo_yii/index.php(13): CApplication->run()
#9 {main}
REQUEST_URI=/modelo_yii/index.php?r=site/page&view=about'A=0
HTTP_REFERER=http://renatolucena.tk/modelo_yii/index.php?r=site/page&view=about'A=0
---
